Trying to push message number: 1 in the pipeline:
	Sample message 1
sending packet: 1
nextSeqNum = 2
Trying to push message number: 2 in the pipeline:
	message 2
sending packet: 2
nextSeqNum = 3
Trying to push message number: 3 in the pipeline:
	It is the message 3
sending packet: 3
nextSeqNum = 4
Trying to push message number: 4 in the pipeline:
	Message 4 wow!
sending packet: 4
nextSeqNum = 5
Trying to push message number: 5 in the pipeline:
	mess5
sending packet: 5
nextSeqNum = 6
Trying to push message number: 6 in the pipeline:
	it is sixth message
buffer full, waiting for ack of sent packet : 1
received ack for packet  1, setting base = 2
sending packet: 6
nextSeqNum = 7
Trying to push message number: 7 in the pipeline:
	send message 7
buffer full, waiting for ack of sent packet : 2
received ack for packet  3, setting base = 4
sending packet: 7
nextSeqNum = 8
Trying to push message number: 8 in the pipeline:
	message 8
sending packet: 8
nextSeqNum = 9
Trying to push message number: 9 in the pipeline:
	mess 9
buffer full, waiting for ack of sent packet : 4
received ack for packet  4, setting base = 5
sending packet: 9
nextSeqNum = 10
Trying to push message number: 10 in the pipeline:
	it is really a mess 10
buffer full, waiting for ack of sent packet : 5
received ack for packet  4, setting base = 5
buffer full, waiting for ack of sent packet : 5
received ack for packet  4, setting base = 5
buffer full, waiting for ack of sent packet : 5
received ack for packet  4, setting base = 5
buffer full, waiting for ack of sent packet : 5
received ack for packet  4, setting base = 5
buffer full, waiting for ack of sent packet : 5
received ack for packet  4, setting base = 5
buffer full, waiting for ack of sent packet : 5
Timeout occurred ! base is 5 nextSeqNum is 10
retransmitting packet number: 5
retransmitting packet number: 6
retransmitting packet number: 7
retransmitting packet number: 8
retransmitting packet number: 9
received ack for packet  5, setting base = 6
sending packet: 10
nextSeqNum = 11
Trying to push message number: 11 in the pipeline:
	Sample message 11
buffer full, waiting for ack of sent packet : 6
received ack for packet  6, setting base = 7
sending packet: 11
nextSeqNum = 12
Trying to push message number: 12 in the pipeline:
	message 12
buffer full, waiting for ack of sent packet : 7
received ack for packet  7, setting base = 8
sending packet: 12
nextSeqNum = 13
Trying to push message number: 13 in the pipeline:
	It is the message 13
buffer full, waiting for ack of sent packet : 8
received ack for packet  8, setting base = 9
sending packet: 13
nextSeqNum = 14
Trying to push message number: 14 in the pipeline:
	Message 14 wow!
buffer full, waiting for ack of sent packet : 9
received ack for packet  8, setting base = 9
buffer full, waiting for ack of sent packet : 9
received ack for packet  8, setting base = 9
buffer full, waiting for ack of sent packet : 9
received ack for packet  8, setting base = 9
buffer full, waiting for ack of sent packet : 9
Timeout occurred ! base is 9 nextSeqNum is 14
retransmitting packet number: 9
retransmitting packet number: 10
retransmitting packet number: 11
retransmitting packet number: 12
retransmitting packet number: 13
received ack for packet  9, setting base = 10
sending packet: 14
nextSeqNum = 15
Trying to push message number: 15 in the pipeline:
	mess15
buffer full, waiting for ack of sent packet : 10
received ack for packet  10, setting base = 11
sending packet: 15
nextSeqNum = 16
Trying to push message number: 16 in the pipeline:
	it is 16th message
buffer full, waiting for ack of sent packet : 11
received ack for packet  11, setting base = 12
sending packet: 16
nextSeqNum = 17
Trying to push message number: 17 in the pipeline:
	send message 17th
buffer full, waiting for ack of sent packet : 12
received ack for packet  12, setting base = 13
sending packet: 17
nextSeqNum = 18
Trying to push message number: 18 in the pipeline:
	message 18th
buffer full, waiting for ack of sent packet : 13
received ack for packet  13, setting base = 14
sending packet: 18
nextSeqNum = 19
Trying to push message number: 19 in the pipeline:
	mess 9th
buffer full, waiting for ack of sent packet : 14
received ack for packet  13, setting base = 14
buffer full, waiting for ack of sent packet : 14
received ack for packet  13, setting base = 14
buffer full, waiting for ack of sent packet : 14
received ack for packet  13, setting base = 14
buffer full, waiting for ack of sent packet : 14
Timeout occurred ! base is 14 nextSeqNum is 19
retransmitting packet number: 14
retransmitting packet number: 15
retransmitting packet number: 16
retransmitting packet number: 17
retransmitting packet number: 18
received ack for packet  13, setting base = 14
buffer full, waiting for ack of sent packet : 14
received ack for packet  13, setting base = 14
buffer full, waiting for ack of sent packet : 14
received ack for packet  13, setting base = 14
buffer full, waiting for ack of sent packet : 14
Timeout occurred ! base is 14 nextSeqNum is 19
retransmitting packet number: 14
retransmitting packet number: 15
retransmitting packet number: 16
retransmitting packet number: 17
retransmitting packet number: 18
received ack for packet  14, setting base = 15
sending packet: 19
nextSeqNum = 20
Trying to push message number: 20 in the pipeline:
	it is really a mess 20
buffer full, waiting for ack of sent packet : 15
received ack for packet  15, setting base = 16
sending packet: 20
nextSeqNum = 21
Trying to push message number: 21 in the pipeline:
	Sample message 21
buffer full, waiting for ack of sent packet : 16
received ack for packet  16, setting base = 17
sending packet: 21
nextSeqNum = 22
Trying to push message number: 22 in the pipeline:
	message 22
buffer full, waiting for ack of sent packet : 17
received ack for packet  17, setting base = 18
sending packet: 22
nextSeqNum = 23
Trying to push message number: 23 in the pipeline:
	It is the message 23
buffer full, waiting for ack of sent packet : 18
received ack for packet  18, setting base = 19
sending packet: 23
nextSeqNum = 24
Trying to push message number: 24 in the pipeline:
	Message 24 wow!
buffer full, waiting for ack of sent packet : 19
received ack for packet  19, setting base = 20
sending packet: 24
nextSeqNum = 25
Trying to push message number: 25 in the pipeline:
	mess25
buffer full, waiting for ack of sent packet : 20
received ack for packet  19, setting base = 20
buffer full, waiting for ack of sent packet : 20
received ack for packet  19, setting base = 20
buffer full, waiting for ack of sent packet : 20
received ack for packet  19, setting base = 20
buffer full, waiting for ack of sent packet : 20
received ack for packet  19, setting base = 20
buffer full, waiting for ack of sent packet : 20
received ack for packet  19, setting base = 20
buffer full, waiting for ack of sent packet : 20
Timeout occurred ! base is 20 nextSeqNum is 25
retransmitting packet number: 20
retransmitting packet number: 21
retransmitting packet number: 22
retransmitting packet number: 23
retransmitting packet number: 24
received ack for packet  20, setting base = 21
sending packet: 25
nextSeqNum = 26
Trying to push message number: 26 in the pipeline:
	it is twenty sixth message
buffer full, waiting for ack of sent packet : 21
received ack for packet  21, setting base = 22
sending packet: 26
nextSeqNum = 27
Trying to push message number: 27 in the pipeline:
	send message 27
buffer full, waiting for ack of sent packet : 22
received ack for packet  22, setting base = 23
sending packet: 27
nextSeqNum = 28
Trying to push message number: 28 in the pipeline:
	message 28
buffer full, waiting for ack of sent packet : 23
received ack for packet  22, setting base = 23
buffer full, waiting for ack of sent packet : 23
received ack for packet  22, setting base = 23
buffer full, waiting for ack of sent packet : 23
received ack for packet  22, setting base = 23
buffer full, waiting for ack of sent packet : 23
received ack for packet  22, setting base = 23
buffer full, waiting for ack of sent packet : 23
received ack for packet  22, setting base = 23
buffer full, waiting for ack of sent packet : 23
Timeout occurred ! base is 23 nextSeqNum is 28
retransmitting packet number: 23
retransmitting packet number: 24
retransmitting packet number: 25
retransmitting packet number: 26
retransmitting packet number: 27
received ack for packet  23, setting base = 24
sending packet: 28
nextSeqNum = 29
Trying to push message number: 29 in the pipeline:
	mess 29
buffer full, waiting for ack of sent packet : 24
received ack for packet  23, setting base = 24
buffer full, waiting for ack of sent packet : 24
received ack for packet  23, setting base = 24
buffer full, waiting for ack of sent packet : 24
received ack for packet  23, setting base = 24
buffer full, waiting for ack of sent packet : 24
received ack for packet  23, setting base = 24
buffer full, waiting for ack of sent packet : 24
Timeout occurred ! base is 24 nextSeqNum is 29
retransmitting packet number: 24
retransmitting packet number: 25
retransmitting packet number: 26
retransmitting packet number: 27
retransmitting packet number: 28
received ack for packet  24, setting base = 25
sending packet: 29
nextSeqNum = 30
Trying to push message number: 30 in the pipeline:
	it is really a mess 30
buffer full, waiting for ack of sent packet : 25
received ack for packet  24, setting base = 25
buffer full, waiting for ack of sent packet : 25
received ack for packet  24, setting base = 25
buffer full, waiting for ack of sent packet : 25
received ack for packet  24, setting base = 25
buffer full, waiting for ack of sent packet : 25
received ack for packet  24, setting base = 25
buffer full, waiting for ack of sent packet : 25
Timeout occurred ! base is 25 nextSeqNum is 30
retransmitting packet number: 25
retransmitting packet number: 26
retransmitting packet number: 27
retransmitting packet number: 28
retransmitting packet number: 29
received ack for packet  25, setting base = 26
sending packet: 30
nextSeqNum = 31
Trying to push message number: 31 in the pipeline:
	Sample message 31
buffer full, waiting for ack of sent packet : 26
received ack for packet  27, setting base = 28
sending packet: 31
nextSeqNum = 32
Trying to push message number: 32 in the pipeline:
	message 32
sending packet: 32
nextSeqNum = 33
Trying to push message number: 33 in the pipeline:
	It is the message 33
buffer full, waiting for ack of sent packet : 28
received ack for packet  28, setting base = 29
sending packet: 33
nextSeqNum = 34
Trying to push message number: 34 in the pipeline:
	Message 34 wow!
buffer full, waiting for ack of sent packet : 29
received ack for packet  28, setting base = 29
buffer full, waiting for ack of sent packet : 29
received ack for packet  28, setting base = 29
buffer full, waiting for ack of sent packet : 29
received ack for packet  28, setting base = 29
buffer full, waiting for ack of sent packet : 29
received ack for packet  28, setting base = 29
buffer full, waiting for ack of sent packet : 29
received ack for packet  28, setting base = 29
buffer full, waiting for ack of sent packet : 29
Timeout occurred ! base is 29 nextSeqNum is 34
retransmitting packet number: 29
retransmitting packet number: 30
retransmitting packet number: 31
retransmitting packet number: 32
retransmitting packet number: 33
received ack for packet  29, setting base = 30
sending packet: 34
nextSeqNum = 35
Trying to push message number: 35 in the pipeline:
	mess35
buffer full, waiting for ack of sent packet : 30
received ack for packet  30, setting base = 31
sending packet: 35
nextSeqNum = 36
Trying to push message number: 36 in the pipeline:
	it is 36th message
buffer full, waiting for ack of sent packet : 31
received ack for packet  31, setting base = 32
sending packet: 36
nextSeqNum = 37
Trying to push message number: 37 in the pipeline:
	send message 37th
buffer full, waiting for ack of sent packet : 32
received ack for packet  32, setting base = 33
sending packet: 37
nextSeqNum = 38
Trying to push message number: 38 in the pipeline:
	message 38th
buffer full, waiting for ack of sent packet : 33
received ack for packet  33, setting base = 34
sending packet: 38
nextSeqNum = 39
Trying to push message number: 39 in the pipeline:
	mess 39th
buffer full, waiting for ack of sent packet : 34
received ack for packet  34, setting base = 35
sending packet: 39
nextSeqNum = 40
Trying to push message number: 40 in the pipeline:
	it is really a mess 4
buffer full, waiting for ack of sent packet : 35
received ack for packet  35, setting base = 36
sending packet: 40
nextSeqNum = 41
Stop Transmission called . . .
Done
received ack for packet  36, setting base = 37
received ack for packet  36, setting base = 37
received ack for packet  36, setting base = 37
Timeout occurred ! base is 37 nextSeqNum is 41
retransmitting packet number: 37
retransmitting packet number: 38
retransmitting packet number: 39
retransmitting packet number: 40
received ack for packet  37, setting base = 38
received ack for packet  38, setting base = 39
received ack for packet  39, setting base = 40
received ack for packet  40, setting base = 41
Stopping receiving packets since endSending flag is true
